2023-08-21 22:11:17.531 [background-preinit] INFO  org.hibernate.validator.internal.util.Version - HV000001: Hibernate Validator 8.0.0.Final
2023-08-21 22:11:17.588 [main] INFO  io.devpl.generator.DevplMain8088 - Starting DevplMain8088 using Java 17.0.4 with PID 2096 (C:\Users\vonline\Documents\GitHub\devpl-backend\devpl-server\target\classes started by vonline in C:\Users\vonline\Documents\GitHub\devpl-backend)
2023-08-21 22:11:17.589 [main] INFO  io.devpl.generator.DevplMain8088 - The following 1 profile is active: "dev"
2023-08-21 22:11:19.373 [main] INFO  o.s.boot.web.embedded.tomcat.TomcatWebServer - Tomcat initialized with port(s): 8088 (http)
2023-08-21 22:11:19.387 [main] INFO  org.apache.coyote.http11.Http11NioProtocol - Initializing ProtocolHandler ["http-nio-8088"]
2023-08-21 22:11:19.388 [main] INFO  org.apache.catalina.core.StandardService - Starting service [Tomcat]
2023-08-21 22:11:19.388 [main] INFO  org.apache.catalina.core.StandardEngine - Starting Servlet engine: [Apache Tomcat/10.1.5]
2023-08-21 22:11:19.526 [main] INFO  o.a.c.c.C.[Tomcat].[localhost].[/devpl] - Initializing Spring embedded WebApplicationContext
2023-08-21 22:11:19.526 [main] INFO  o.s.b.w.s.c.ServletWebServerApplicationContext - Root WebApplicationContext: initialization completed in 1770 ms
2023-08-21 22:11:21.012 [main] INFO  org.apache.catalina.core.StandardService - Stopping service [Tomcat]
2023-08-21 22:11:21.202 [main] INFO  o.s.b.a.logging.ConditionEvaluationReportLogger - 

Error starting ApplicationContext. To display the condition evaluation report re-run your application with 'debug' enabled.
2023-08-21 22:12:06.139 [background-preinit] INFO  org.hibernate.validator.internal.util.Version - HV000001: Hibernate Validator 8.0.0.Final
2023-08-21 22:12:06.194 [main] INFO  io.devpl.generator.DevplMain8088 - Starting DevplMain8088 using Java 17.0.4 with PID 5796 (C:\Users\vonline\Documents\GitHub\devpl-backend\devpl-server\target\classes started by vonline in C:\Users\vonline\Documents\GitHub\devpl-backend)
2023-08-21 22:12:06.195 [main] INFO  io.devpl.generator.DevplMain8088 - The following 1 profile is active: "dev"
2023-08-21 22:12:07.948 [main] INFO  o.s.boot.web.embedded.tomcat.TomcatWebServer - Tomcat initialized with port(s): 8088 (http)
2023-08-21 22:12:07.970 [main] INFO  org.apache.coyote.http11.Http11NioProtocol - Initializing ProtocolHandler ["http-nio-8088"]
2023-08-21 22:12:07.971 [main] INFO  org.apache.catalina.core.StandardService - Starting service [Tomcat]
2023-08-21 22:12:07.971 [main] INFO  org.apache.catalina.core.StandardEngine - Starting Servlet engine: [Apache Tomcat/10.1.5]
2023-08-21 22:12:08.097 [main] INFO  o.a.c.c.C.[Tomcat].[localhost].[/devpl] - Initializing Spring embedded WebApplicationContext
2023-08-21 22:12:08.097 [main] INFO  o.s.b.w.s.c.ServletWebServerApplicationContext - Root WebApplicationContext: initialization completed in 1734 ms
2023-08-21 22:12:09.847 [main] INFO  org.apache.coyote.http11.Http11NioProtocol - Starting ProtocolHandler ["http-nio-8088"]
2023-08-21 22:12:09.875 [main] INFO  o.s.boot.web.embedded.tomcat.TomcatWebServer - Tomcat started on port(s): 8088 (http) with context path '/devpl'
2023-08-21 22:12:09.892 [main] INFO  io.devpl.generator.DevplMain8088 - Started DevplMain8088 in 4.533 seconds (process running for 6.188)
2023-08-21 22:12:09.897 [main] INFO  io.devpl.generator.DevplMain8088 - run the frontend => cd C:\Users\vonline\Documents\GitHub\devpl-backend\devpl-webui && npm run dev
2023-08-21 22:13:38.051 [background-preinit] INFO  org.hibernate.validator.internal.util.Version - HV000001: Hibernate Validator 8.0.0.Final
2023-08-21 22:13:38.095 [main] INFO  io.devpl.generator.DevplMain8088 - Starting DevplMain8088 using Java 17.0.4 with PID 9040 (C:\Users\vonline\Documents\GitHub\devpl-backend\devpl-server\target\classes started by vonline in C:\Users\vonline\Documents\GitHub\devpl-backend)
2023-08-21 22:13:38.096 [main] INFO  io.devpl.generator.DevplMain8088 - The following 1 profile is active: "dev"
2023-08-21 22:13:39.812 [main] INFO  o.s.boot.web.embedded.tomcat.TomcatWebServer - Tomcat initialized with port(s): 8088 (http)
2023-08-21 22:13:39.826 [main] INFO  org.apache.coyote.http11.Http11NioProtocol - Initializing ProtocolHandler ["http-nio-8088"]
2023-08-21 22:13:39.827 [main] INFO  org.apache.catalina.core.StandardService - Starting service [Tomcat]
2023-08-21 22:13:39.827 [main] INFO  org.apache.catalina.core.StandardEngine - Starting Servlet engine: [Apache Tomcat/10.1.5]
2023-08-21 22:13:39.943 [main] INFO  o.a.c.c.C.[Tomcat].[localhost].[/devpl] - Initializing Spring embedded WebApplicationContext
2023-08-21 22:13:39.944 [main] INFO  o.s.b.w.s.c.ServletWebServerApplicationContext - Root WebApplicationContext: initialization completed in 1697 ms
2023-08-21 22:13:41.550 [main] INFO  org.apache.coyote.http11.Http11NioProtocol - Starting ProtocolHandler ["http-nio-8088"]
2023-08-21 22:13:41.576 [main] INFO  o.s.boot.web.embedded.tomcat.TomcatWebServer - Tomcat started on port(s): 8088 (http) with context path '/devpl'
2023-08-21 22:13:41.590 [main] INFO  io.devpl.generator.DevplMain8088 - Started DevplMain8088 in 4.063 seconds (process running for 5.391)
2023-08-21 22:14:00.581 [http-nio-8088-exec-2] INFO  o.a.c.c.C.[Tomcat].[localhost].[/devpl] - Initializing Spring DispatcherServlet 'dispatcherServlet'
2023-08-21 22:14:00.581 [http-nio-8088-exec-2] INFO  org.springframework.web.servlet.DispatcherServlet - Initializing Servlet 'dispatcherServlet'
2023-08-21 22:14:00.583 [http-nio-8088-exec-2] INFO  org.springframework.web.servlet.DispatcherServlet - Completed initialization in 0 ms
2023-08-21 22:14:00.813 [http-nio-8088-exec-2] INFO  com.zaxxer.hikari.HikariDataSource - HikariPool-1 - Starting...
2023-08-21 22:14:01.427 [http-nio-8088-exec-2] INFO  com.zaxxer.hikari.pool.HikariPool - HikariPool-1 - Added connection com.mysql.cj.jdbc.ConnectionImpl@6691b881
2023-08-21 22:14:01.430 [http-nio-8088-exec-2] INFO  com.zaxxer.hikari.HikariDataSource - HikariPool-1 - Start completed.
2023-08-21 22:28:46.461 [SpringApplicationShutdownHook] INFO  com.zaxxer.hikari.HikariDataSource - HikariPool-1 - Shutdown initiated...
2023-08-21 22:28:46.468 [SpringApplicationShutdownHook] INFO  com.zaxxer.hikari.HikariDataSource - HikariPool-1 - Shutdown completed.
