2023-08-28 20:25:09.998 [background-preinit] INFO  org.hibernate.validator.internal.util.Version - HV000001: Hibernate Validator 8.0.0.Final
2023-08-28 20:25:10.068 [main] INFO  io.devpl.generator.DevplMain8088 - Starting DevplMain8088 using Java 17.0.4 with PID 6816 (C:\Users\vonline\Documents\GitHub\devpl-backend\devpl-server\target\classes started by vonline in C:\Users\vonline\Documents\GitHub\devpl-backend)
2023-08-28 20:25:10.069 [main] INFO  io.devpl.generator.DevplMain8088 - The following 1 profile is active: "dev"
2023-08-28 20:25:12.047 [main] INFO  o.s.boot.web.embedded.tomcat.TomcatWebServer - Tomcat initialized with port(s): 8088 (http)
2023-08-28 20:25:12.063 [main] INFO  org.apache.coyote.http11.Http11NioProtocol - Initializing ProtocolHandler ["http-nio-8088"]
2023-08-28 20:25:12.064 [main] INFO  org.apache.catalina.core.StandardService - Starting service [Tomcat]
2023-08-28 20:25:12.064 [main] INFO  org.apache.catalina.core.StandardEngine - Starting Servlet engine: [Apache Tomcat/10.1.5]
2023-08-28 20:25:12.194 [main] INFO  o.a.c.c.C.[Tomcat].[localhost].[/devpl] - Initializing Spring embedded WebApplicationContext
2023-08-28 20:25:12.194 [main] INFO  o.s.b.w.s.c.ServletWebServerApplicationContext - Root WebApplicationContext: initialization completed in 1949 ms
2023-08-28 20:25:13.940 [main] INFO  org.apache.coyote.http11.Http11NioProtocol - Starting ProtocolHandler ["http-nio-8088"]
2023-08-28 20:25:13.966 [main] INFO  o.s.boot.web.embedded.tomcat.TomcatWebServer - Tomcat started on port(s): 8088 (http) with context path '/devpl'
2023-08-28 20:25:13.980 [main] INFO  io.devpl.generator.DevplMain8088 - Started DevplMain8088 in 4.515 seconds (process running for 6.673)
2023-08-28 20:26:15.884 [http-nio-8088-exec-1] INFO  o.a.c.c.C.[Tomcat].[localhost].[/devpl] - Initializing Spring DispatcherServlet 'dispatcherServlet'
2023-08-28 20:26:15.885 [http-nio-8088-exec-1] INFO  org.springframework.web.servlet.DispatcherServlet - Initializing Servlet 'dispatcherServlet'
2023-08-28 20:26:15.886 [http-nio-8088-exec-1] INFO  org.springframework.web.servlet.DispatcherServlet - Completed initialization in 1 ms
2023-08-28 20:26:16.112 [http-nio-8088-exec-1] INFO  com.zaxxer.hikari.HikariDataSource - HikariPool-1 - Starting...
2023-08-28 20:26:16.777 [http-nio-8088-exec-1] INFO  com.zaxxer.hikari.pool.HikariPool - HikariPool-1 - Added connection com.mysql.cj.jdbc.ConnectionImpl@7f3c0fe5
2023-08-28 20:26:16.780 [http-nio-8088-exec-1] INFO  com.zaxxer.hikari.HikariDataSource - HikariPool-1 - Start completed.
2023-08-28 20:38:19.681 [SpringApplicationShutdownHook] INFO  com.zaxxer.hikari.HikariDataSource - HikariPool-1 - Shutdown initiated...
2023-08-28 20:38:19.687 [SpringApplicationShutdownHook] INFO  com.zaxxer.hikari.HikariDataSource - HikariPool-1 - Shutdown completed.
2023-08-28 20:40:54.705 [background-preinit] INFO  org.hibernate.validator.internal.util.Version - HV000001: Hibernate Validator 8.0.0.Final
2023-08-28 20:40:54.756 [main] INFO  io.devpl.generator.DevplMain8088 - Starting DevplMain8088 using Java 17.0.4 with PID 10904 (C:\Users\vonline\Documents\GitHub\devpl-backend\devpl-server\target\classes started by vonline in C:\Users\vonline\Documents\GitHub\devpl-backend)
2023-08-28 20:40:54.757 [main] INFO  io.devpl.generator.DevplMain8088 - The following 1 profile is active: "dev"
2023-08-28 20:40:56.524 [main] INFO  o.s.boot.web.embedded.tomcat.TomcatWebServer - Tomcat initialized with port(s): 8088 (http)
2023-08-28 20:40:56.539 [main] INFO  org.apache.coyote.http11.Http11NioProtocol - Initializing ProtocolHandler ["http-nio-8088"]
2023-08-28 20:40:56.540 [main] INFO  org.apache.catalina.core.StandardService - Starting service [Tomcat]
2023-08-28 20:40:56.541 [main] INFO  org.apache.catalina.core.StandardEngine - Starting Servlet engine: [Apache Tomcat/10.1.5]
2023-08-28 20:40:56.708 [main] INFO  o.a.c.c.C.[Tomcat].[localhost].[/devpl] - Initializing Spring embedded WebApplicationContext
2023-08-28 20:40:56.709 [main] INFO  o.s.b.w.s.c.ServletWebServerApplicationContext - Root WebApplicationContext: initialization completed in 1790 ms
2023-08-28 20:40:58.413 [main] INFO  org.apache.coyote.http11.Http11NioProtocol - Starting ProtocolHandler ["http-nio-8088"]
2023-08-28 20:40:58.441 [main] INFO  o.s.boot.web.embedded.tomcat.TomcatWebServer - Tomcat started on port(s): 8088 (http) with context path '/devpl'
2023-08-28 20:40:58.455 [main] INFO  io.devpl.generator.DevplMain8088 - Started DevplMain8088 in 4.236 seconds (process running for 6.21)
2023-08-28 20:41:08.801 [http-nio-8088-exec-2] INFO  o.a.c.c.C.[Tomcat].[localhost].[/devpl] - Initializing Spring DispatcherServlet 'dispatcherServlet'
2023-08-28 20:41:08.802 [http-nio-8088-exec-2] INFO  org.springframework.web.servlet.DispatcherServlet - Initializing Servlet 'dispatcherServlet'
2023-08-28 20:41:08.804 [http-nio-8088-exec-2] INFO  org.springframework.web.servlet.DispatcherServlet - Completed initialization in 0 ms
2023-08-28 20:41:09.029 [http-nio-8088-exec-2] INFO  com.zaxxer.hikari.HikariDataSource - HikariPool-1 - Starting...
2023-08-28 20:41:09.545 [http-nio-8088-exec-2] INFO  com.zaxxer.hikari.pool.HikariPool - HikariPool-1 - Added connection com.mysql.cj.jdbc.ConnectionImpl@7f731258
2023-08-28 20:41:09.549 [http-nio-8088-exec-2] INFO  com.zaxxer.hikari.HikariDataSource - HikariPool-1 - Start completed.
2023-08-28 20:42:43.918 [SpringApplicationShutdownHook] INFO  com.zaxxer.hikari.HikariDataSource - HikariPool-1 - Shutdown initiated...
2023-08-28 20:42:43.926 [SpringApplicationShutdownHook] INFO  com.zaxxer.hikari.HikariDataSource - HikariPool-1 - Shutdown completed.
