2023-08-18 22:31:39.203 [background-preinit] INFO  org.hibernate.validator.internal.util.Version - HV000001: Hibernate Validator 8.0.0.Final
2023-08-18 22:31:39.278 [main] INFO  io.devpl.generator.DevplMain8088 - Starting DevplMain8088 using Java 17.0.4 with PID 1972 (C:\Users\vonline\Documents\GitHub\devpl-backend\devpl-server\target\classes started by vonline in C:\Users\vonline\Documents\GitHub\devpl-backend)
2023-08-18 22:31:39.283 [main] INFO  io.devpl.generator.DevplMain8088 - The following 1 profile is active: "dev"
2023-08-18 22:31:41.423 [main] INFO  o.s.boot.web.embedded.tomcat.TomcatWebServer - Tomcat initialized with port(s): 8088 (http)
2023-08-18 22:31:41.439 [main] INFO  org.apache.coyote.http11.Http11NioProtocol - Initializing ProtocolHandler ["http-nio-8088"]
2023-08-18 22:31:41.442 [main] INFO  org.apache.catalina.core.StandardService - Starting service [Tomcat]
2023-08-18 22:31:41.443 [main] INFO  org.apache.catalina.core.StandardEngine - Starting Servlet engine: [Apache Tomcat/10.1.5]
2023-08-18 22:31:41.582 [main] INFO  o.a.c.c.C.[Tomcat].[localhost].[/devpl] - Initializing Spring embedded WebApplicationContext
2023-08-18 22:31:41.583 [main] INFO  o.s.b.w.s.c.ServletWebServerApplicationContext - Root WebApplicationContext: initialization completed in 2093 ms
2023-08-18 22:31:43.660 [main] INFO  org.apache.coyote.http11.Http11NioProtocol - Starting ProtocolHandler ["http-nio-8088"]
2023-08-18 22:31:43.691 [main] INFO  o.s.boot.web.embedded.tomcat.TomcatWebServer - Tomcat started on port(s): 8088 (http) with context path '/devpl'
2023-08-18 22:31:43.702 [main] INFO  io.devpl.generator.DevplMain8088 - Started DevplMain8088 in 5.082 seconds (process running for 7.594)
2023-08-18 22:32:13.406 [http-nio-8088-exec-2] INFO  o.a.c.c.C.[Tomcat].[localhost].[/devpl] - Initializing Spring DispatcherServlet 'dispatcherServlet'
2023-08-18 22:32:13.406 [http-nio-8088-exec-2] INFO  org.springframework.web.servlet.DispatcherServlet - Initializing Servlet 'dispatcherServlet'
2023-08-18 22:32:13.408 [http-nio-8088-exec-2] INFO  org.springframework.web.servlet.DispatcherServlet - Completed initialization in 1 ms
2023-08-18 22:32:13.660 [http-nio-8088-exec-2] INFO  com.zaxxer.hikari.HikariDataSource - HikariPool-1 - Starting...
2023-08-18 22:32:14.366 [http-nio-8088-exec-2] INFO  com.zaxxer.hikari.pool.HikariPool - HikariPool-1 - Added connection com.mysql.cj.jdbc.ConnectionImpl@c482ec5
2023-08-18 22:32:14.370 [http-nio-8088-exec-2] INFO  com.zaxxer.hikari.HikariDataSource - HikariPool-1 - Start completed.
2023-08-18 23:27:19.983 [SpringApplicationShutdownHook] INFO  com.zaxxer.hikari.HikariDataSource - HikariPool-1 - Shutdown initiated...
2023-08-18 23:27:19.987 [SpringApplicationShutdownHook] INFO  com.zaxxer.hikari.HikariDataSource - HikariPool-1 - Shutdown completed.
