2023-08-01 21:19:08.030 [background-preinit] INFO  org.hibernate.validator.internal.util.Version - HV000001: Hibernate Validator 8.0.0.Final
2023-08-01 21:19:08.102 [main] INFO  io.devpl.generator.DevplMain8088 - Starting DevplMain8088 using Java 17.0.4 with PID 10364 (C:\Users\vonline\Documents\GitHub\devpl-backend\devpl-server\target\classes started by vonline in C:\Users\vonline\Documents\GitHub\devpl-backend)
2023-08-01 21:19:08.104 [main] INFO  io.devpl.generator.DevplMain8088 - The following 1 profile is active: "dev"
2023-08-01 21:19:11.329 [main] INFO  o.s.boot.web.embedded.tomcat.TomcatWebServer - Tomcat initialized with port(s): 8088 (http)
2023-08-01 21:19:11.355 [main] INFO  org.apache.coyote.http11.Http11NioProtocol - Initializing ProtocolHandler ["http-nio-8088"]
2023-08-01 21:19:11.357 [main] INFO  org.apache.catalina.core.StandardService - Starting service [Tomcat]
2023-08-01 21:19:11.358 [main] INFO  org.apache.catalina.core.StandardEngine - Starting Servlet engine: [Apache Tomcat/10.1.5]
2023-08-01 21:19:11.534 [main] INFO  o.a.c.c.C.[Tomcat].[localhost].[/maku-generator] - Initializing Spring embedded WebApplicationContext
2023-08-01 21:19:11.535 [main] INFO  o.s.b.w.s.c.ServletWebServerApplicationContext - Root WebApplicationContext: initialization completed in 3048 ms
2023-08-01 21:19:14.621 [main] INFO  org.apache.coyote.http11.Http11NioProtocol - Starting ProtocolHandler ["http-nio-8088"]
2023-08-01 21:19:14.682 [main] INFO  o.s.boot.web.embedded.tomcat.TomcatWebServer - Tomcat started on port(s): 8088 (http) with context path '/maku-generator'
2023-08-01 21:19:14.699 [main] INFO  io.devpl.generator.DevplMain8088 - Started DevplMain8088 in 7.329 seconds (process running for 10.25)
2023-08-01 21:27:32.546 [http-nio-8088-exec-1] INFO  o.a.c.c.C.[Tomcat].[localhost].[/maku-generator] - Initializing Spring DispatcherServlet 'dispatcherServlet'
2023-08-01 21:27:32.547 [http-nio-8088-exec-1] INFO  org.springframework.web.servlet.DispatcherServlet - Initializing Servlet 'dispatcherServlet'
2023-08-01 21:27:32.548 [http-nio-8088-exec-1] INFO  org.springframework.web.servlet.DispatcherServlet - Completed initialization in 1 ms
2023-08-01 21:27:32.817 [http-nio-8088-exec-1] INFO  com.zaxxer.hikari.HikariDataSource - HikariPool-1 - Starting...
2023-08-01 21:27:33.666 [http-nio-8088-exec-1] INFO  com.zaxxer.hikari.pool.HikariPool - HikariPool-1 - Added connection com.mysql.cj.jdbc.ConnectionImpl@211d2334
2023-08-01 21:27:33.672 [http-nio-8088-exec-1] INFO  com.zaxxer.hikari.HikariDataSource - HikariPool-1 - Start completed.
2023-08-01 21:37:21.171 [SpringApplicationShutdownHook] INFO  com.zaxxer.hikari.HikariDataSource - HikariPool-1 - Shutdown initiated...
2023-08-01 21:37:21.190 [SpringApplicationShutdownHook] INFO  com.zaxxer.hikari.HikariDataSource - HikariPool-1 - Shutdown completed.
2023-08-01 21:37:52.313 [background-preinit] INFO  org.hibernate.validator.internal.util.Version - HV000001: Hibernate Validator 8.0.0.Final
2023-08-01 21:37:52.362 [main] INFO  io.devpl.generator.DevplMain8088 - Starting DevplMain8088 using Java 17.0.4 with PID 17552 (C:\Users\vonline\Documents\GitHub\devpl-backend\devpl-server\target\classes started by vonline in C:\Users\vonline\Documents\GitHub\devpl-backend)
2023-08-01 21:37:52.364 [main] INFO  io.devpl.generator.DevplMain8088 - The following 1 profile is active: "dev"
2023-08-01 21:37:54.185 [main] INFO  o.s.boot.web.embedded.tomcat.TomcatWebServer - Tomcat initialized with port(s): 8088 (http)
2023-08-01 21:37:54.200 [main] INFO  org.apache.coyote.http11.Http11NioProtocol - Initializing ProtocolHandler ["http-nio-8088"]
2023-08-01 21:37:54.201 [main] INFO  org.apache.catalina.core.StandardService - Starting service [Tomcat]
2023-08-01 21:37:54.202 [main] INFO  org.apache.catalina.core.StandardEngine - Starting Servlet engine: [Apache Tomcat/10.1.5]
2023-08-01 21:37:54.332 [main] INFO  o.a.c.c.C.[Tomcat].[localhost].[/devpl] - Initializing Spring embedded WebApplicationContext
2023-08-01 21:37:54.333 [main] INFO  o.s.b.w.s.c.ServletWebServerApplicationContext - Root WebApplicationContext: initialization completed in 1813 ms
2023-08-01 21:37:56.071 [main] INFO  org.apache.coyote.http11.Http11NioProtocol - Starting ProtocolHandler ["http-nio-8088"]
2023-08-01 21:37:56.098 [main] INFO  o.s.boot.web.embedded.tomcat.TomcatWebServer - Tomcat started on port(s): 8088 (http) with context path '/devpl'
2023-08-01 21:37:56.108 [main] INFO  io.devpl.generator.DevplMain8088 - Started DevplMain8088 in 4.365 seconds (process running for 5.829)
2023-08-01 21:38:05.920 [http-nio-8088-exec-2] INFO  o.a.c.c.C.[Tomcat].[localhost].[/devpl] - Initializing Spring DispatcherServlet 'dispatcherServlet'
2023-08-01 21:38:05.921 [http-nio-8088-exec-2] INFO  org.springframework.web.servlet.DispatcherServlet - Initializing Servlet 'dispatcherServlet'
2023-08-01 21:38:05.922 [http-nio-8088-exec-2] INFO  org.springframework.web.servlet.DispatcherServlet - Completed initialization in 1 ms
2023-08-01 21:38:06.145 [http-nio-8088-exec-2] INFO  com.zaxxer.hikari.HikariDataSource - HikariPool-1 - Starting...
2023-08-01 21:38:06.683 [http-nio-8088-exec-2] INFO  com.zaxxer.hikari.pool.HikariPool - HikariPool-1 - Added connection com.mysql.cj.jdbc.ConnectionImpl@40213dfa
2023-08-01 21:38:06.686 [http-nio-8088-exec-2] INFO  com.zaxxer.hikari.HikariDataSource - HikariPool-1 - Start completed.
2023-08-01 23:07:26.730 [SpringApplicationShutdownHook] INFO  com.zaxxer.hikari.HikariDataSource - HikariPool-1 - Shutdown initiated...
2023-08-01 23:07:26.737 [SpringApplicationShutdownHook] INFO  com.zaxxer.hikari.HikariDataSource - HikariPool-1 - Shutdown completed.
